[debug] [2023-09-23T11:11:09.588Z] ----------------------------------------------------------------------
[debug] [2023-09-23T11:11:09.647Z] Command:       C:\Program Files\nodejs\node.exe C:\Users\HP\AppData\Roaming\npm\node_modules\firebase-tools\lib\bin\firebase.js init
[debug] [2023-09-23T11:11:09.649Z] CLI Version:   12.5.3
[debug] [2023-09-23T11:11:09.652Z] Platform:      win32
[debug] [2023-09-23T11:11:09.653Z] Node Version:  v18.17.1
[debug] [2023-09-23T11:11:09.906Z] Time:          Sat Sep 23 2023 16:41:09 GMT+0530 (India Standard Time)
[debug] [2023-09-23T11:11:09.906Z] ----------------------------------------------------------------------
[debug] 
[debug] [2023-09-23T11:11:09.961Z] >>> [apiv2][query] GET https://firebase-public.firebaseio.com/cli.json [none]
[debug] [2023-09-23T11:11:10.998Z] > command requires scopes: ["email","openid","https://www.googleapis.com/auth/cloudplatformprojects.readonly","https://www.googleapis.com/auth/firebase","https://www.googleapis.com/auth/cloud-platform"]
[debug] [2023-09-23T11:11:11.001Z] > authorizing via signed-in user (harleenkaur1343@gmail.com)
[info] 
     ######## #### ########  ######## ########     ###     ######  ########
     ##        ##  ##     ## ##       ##     ##  ##   ##  ##       ##
     ######    ##  ########  ######   ########  #########  ######  ######
     ##        ##  ##    ##  ##       ##     ## ##     ##       ## ##
     ##       #### ##     ## ######## ########  ##     ##  ######  ########

You're about to initialize a Firebase project in this directory:

  C:\Users\HP\Desktop\major_project\netflixClone

Before we get started, keep in mind:

  * You are initializing within an existing Firebase project directory

[debug] [2023-09-23T11:11:12.098Z] <<< [apiv2][status] GET https://firebase-public.firebaseio.com/cli.json 200
[debug] [2023-09-23T11:11:12.100Z] <<< [apiv2][body] GET https://firebase-public.firebaseio.com/cli.json {"cloudBuildErrorAfter":1594252800000,"cloudBuildWarnAfter":1590019200000,"defaultNode10After":1594252800000,"minVersion":"3.0.5","node8DeploysDisabledAfter":1613390400000,"node8RuntimeDisabledAfter":1615809600000,"node8WarnAfter":1600128000000}
[info] 
=== Project Setup
[info] 
[info] First, let's associate this project directory with a Firebase project.
[info] You can create multiple project aliases by running firebase use --add, 
[info] but for now we'll just set up a default project.
[info] 
[debug] [2023-09-23T11:13:06.065Z] Using project from CLI flag: netflix-clone-97c2a
[debug] [2023-09-23T11:13:06.066Z] > refreshing access token with scopes: []
[debug] [2023-09-23T11:13:06.068Z] >>> [apiv2][query] POST https://www.googleapis.com/oauth2/v3/token [none]
[debug] [2023-09-23T11:13:06.068Z] >>> [apiv2][body] POST https://www.googleapis.com/oauth2/v3/token [omitted]
[debug] [2023-09-23T11:13:06.544Z] <<< [apiv2][status] POST https://www.googleapis.com/oauth2/v3/token 400
[debug] [2023-09-23T11:13:06.545Z] <<< [apiv2][body] POST https://www.googleapis.com/oauth2/v3/token [omitted]
[debug] [2023-09-23T11:13:06.547Z] >>> [apiv2][query] GET https://firebase.googleapis.com/v1beta1/projects/netflix-clone-97c2a [none]
[debug] [2023-09-23T11:13:06.946Z] <<< [apiv2][status] GET https://firebase.googleapis.com/v1beta1/projects/netflix-clone-97c2a 401
[debug] [2023-09-23T11:13:06.947Z] <<< [apiv2][body] GET https://firebase.googleapis.com/v1beta1/projects/netflix-clone-97c2a {"error":{"code":401,"message":"Request had invalid authentication credentials. Expected OAuth 2 access token, login cookie or other valid authentication credential. See https://developers.google.com/identity/sign-in/web/devconsole-project.","status":"UNAUTHENTICATED"}}
[debug] [2023-09-23T11:13:06.949Z] HTTP Error: 401, Request had invalid authentication credentials. Expected OAuth 2 access token, login cookie or other valid authentication credential. See https://developers.google.com/identity/sign-in/web/devconsole-project.
[debug] [2023-09-23T11:13:07.251Z] FirebaseError: HTTP Error: 401, Request had invalid authentication credentials. Expected OAuth 2 access token, login cookie or other valid authentication credential. See https://developers.google.com/identity/sign-in/web/devconsole-project.
    at responseToError (C:\Users\HP\AppData\Roaming\npm\node_modules\firebase-tools\lib\responseToError.js:49:12)
    at RetryOperation._fn (C:\Users\HP\AppData\Roaming\npm\node_modules\firebase-tools\lib\apiv2.js:285:77)
    at process.processTicksAndRejections (node:internal/process/task_queues:95:5)
[error] 
[error] Error: Failed to get Firebase project netflix-clone-97c2a. Please make sure the project exists and your account has permission to access it.
[debug] [2023-09-23T11:14:23.980Z] ----------------------------------------------------------------------
[debug] [2023-09-23T11:14:23.984Z] Command:       C:\Program Files\nodejs\node.exe C:\Users\HP\AppData\Roaming\npm\node_modules\firebase-tools\lib\bin\firebase.js use --add
[debug] [2023-09-23T11:14:23.985Z] CLI Version:   12.5.3
[debug] [2023-09-23T11:14:23.986Z] Platform:      win32
[debug] [2023-09-23T11:14:23.987Z] Node Version:  v18.17.1
[debug] [2023-09-23T11:14:23.989Z] Time:          Sat Sep 23 2023 16:44:23 GMT+0530 (India Standard Time)
[debug] [2023-09-23T11:14:23.989Z] ----------------------------------------------------------------------
[debug] 
[debug] [2023-09-23T11:14:24.116Z] > command requires scopes: ["email","openid","https://www.googleapis.com/auth/cloudplatformprojects.readonly","https://www.googleapis.com/auth/firebase","https://www.googleapis.com/auth/cloud-platform"]
[debug] [2023-09-23T11:14:24.117Z] > authorizing via signed-in user (harleenkaur1343@gmail.com)
[debug] [2023-09-23T11:14:24.119Z] > refreshing access token with scopes: []
[debug] [2023-09-23T11:14:24.122Z] >>> [apiv2][query] POST https://www.googleapis.com/oauth2/v3/token [none]
[debug] [2023-09-23T11:14:24.123Z] >>> [apiv2][body] POST https://www.googleapis.com/oauth2/v3/token [omitted]
[debug] [2023-09-23T11:14:35.517Z] *** [apiv2] error from fetch(https://www.googleapis.com/oauth2/v3/token, {"headers":{},"method":"POST","body":{"_overheadLength":545,"_valueLength":211,"_valuesToMeasure":[],"writable":false,"readable":true,"dataSize":0,"maxDataSize":2097152,"pauseStreams":true,"_released":true,"_streams":[],"_currentStream":null,"_insideLoop":false,"_pendingNext":false,"_boundary":"--------------------------107870895556425130348742","_events":{},"_eventsCount":1}}): FetchError: request to https://www.googleapis.com/oauth2/v3/token failed, reason: Client network socket disconnected before secure TLS connection was established
[debug] [2023-09-23T11:14:35.519Z] Authentication Error: Your credentials are no longer valid. Please run firebase login --reauth

For CI servers and headless environments, generate a new token with firebase login:ci
[debug] [2023-09-23T11:14:40.601Z] Error: Timed out.
    at Timeout._onTimeout (C:\Users\HP\AppData\Roaming\npm\node_modules\firebase-tools\lib\utils.js:254:49)
    at listOnTimeout (node:internal/timers:569:17)
    at process.processTimers (node:internal/timers:512:7)
[error] 
[error] Error: An unexpected error has occurred.
[debug] [2023-09-23T11:17:31.712Z] ----------------------------------------------------------------------
[debug] [2023-09-23T11:17:31.732Z] Command:       C:\Program Files\nodejs\node.exe C:\Users\HP\AppData\Roaming\npm\node_modules\firebase-tools\lib\bin\firebase.js projects:list
[debug] [2023-09-23T11:17:31.733Z] CLI Version:   12.5.3
[debug] [2023-09-23T11:17:31.735Z] Platform:      win32
[debug] [2023-09-23T11:17:31.736Z] Node Version:  v18.17.1
[debug] [2023-09-23T11:17:31.912Z] Time:          Sat Sep 23 2023 16:47:31 GMT+0530 (India Standard Time)
[debug] [2023-09-23T11:17:31.913Z] ----------------------------------------------------------------------
[debug] 
[debug] [2023-09-23T11:17:32.201Z] > command requires scopes: ["email","openid","https://www.googleapis.com/auth/cloudplatformprojects.readonly","https://www.googleapis.com/auth/firebase","https://www.googleapis.com/auth/cloud-platform"]
[debug] [2023-09-23T11:17:32.202Z] > authorizing via signed-in user (harleenkaur1343@gmail.com)
[debug] [2023-09-23T11:17:32.249Z] > refreshing access token with scopes: []
[debug] [2023-09-23T11:17:32.258Z] >>> [apiv2][query] POST https://www.googleapis.com/oauth2/v3/token [none]
[debug] [2023-09-23T11:17:32.259Z] >>> [apiv2][body] POST https://www.googleapis.com/oauth2/v3/token [omitted]
[debug] [2023-09-23T11:17:43.971Z] <<< [apiv2][status] POST https://www.googleapis.com/oauth2/v3/token 400
[debug] [2023-09-23T11:17:43.972Z] <<< [apiv2][body] POST https://www.googleapis.com/oauth2/v3/token [omitted]
[debug] [2023-09-23T11:17:43.975Z] >>> [apiv2][query] GET https://firebase.googleapis.com/v1beta1/projects pageSize=1000
[debug] [2023-09-23T11:17:44.743Z] <<< [apiv2][status] GET https://firebase.googleapis.com/v1beta1/projects 401
[debug] [2023-09-23T11:17:44.744Z] <<< [apiv2][body] GET https://firebase.googleapis.com/v1beta1/projects [omitted]
[debug] [2023-09-23T11:17:44.747Z] HTTP Error: 401, Request had invalid authentication credentials. Expected OAuth 2 access token, login cookie or other valid authentication credential. See https://developers.google.com/identity/sign-in/web/devconsole-project.
[debug] [2023-09-23T11:17:45.656Z] FirebaseError: HTTP Error: 401, Request had invalid authentication credentials. Expected OAuth 2 access token, login cookie or other valid authentication credential. See https://developers.google.com/identity/sign-in/web/devconsole-project.
    at responseToError (C:\Users\HP\AppData\Roaming\npm\node_modules\firebase-tools\lib\responseToError.js:49:12)
    at RetryOperation._fn (C:\Users\HP\AppData\Roaming\npm\node_modules\firebase-tools\lib\apiv2.js:285:77)
    at process.processTicksAndRejections (node:internal/process/task_queues:95:5)
[error] 
[error] Error: Failed to list Firebase projects. See firebase-debug.log for more info.
